  [1m[35m (0.1ms)[0m  [1m[34mSELECT sqlite_version(*)[0m
  ↳ /Users/johnmcbryan/.rbenv/versions/2.5.1/bin/rake:23
  [1m[35m (1.1ms)[0m  [1m[35mCREATE TABLE "schema_migrations" ("version" varchar NOT NULL PRIMARY KEY)[0m
  ↳ /Users/johnmcbryan/.rbenv/versions/2.5.1/bin/rake:23
  [1m[35m (1.1ms)[0m  [1m[35mCREATE TABLE "ar_internal_metadata" ("key" varchar NOT NULL PRIMARY KEY, "value" varchar, "created_at" datetime NOT NULL, "updated_at" datetime NOT NULL)[0m
  ↳ /Users/johnmcbryan/.rbenv/versions/2.5.1/bin/rake:23
  [1m[35m (0.2ms)[0m  [1m[34mSELECT "schema_migrations"."version" FROM "schema_migrations" ORDER BY "schema_migrations"."version" ASC[0m
  ↳ /Users/johnmcbryan/.rbenv/versions/2.5.1/bin/rake:23
Migrating to CreateRanktables (20180927000613)
  [1m[35m (0.1ms)[0m  [1m[36mbegin transaction[0m
  ↳ /Users/johnmcbryan/.rbenv/versions/2.5.1/bin/rake:23
  [1m[35m (0.0ms)[0m  [1m[31mrollback transaction[0m
  ↳ /Users/johnmcbryan/.rbenv/versions/2.5.1/bin/rake:23
  [1m[35m (0.1ms)[0m  [1m[34mSELECT "schema_migrations"."version" FROM "schema_migrations" ORDER BY "schema_migrations"."version" ASC[0m
  ↳ /Users/johnmcbryan/.rbenv/versions/2.5.1/bin/rake:23
Migrating to CreateRanktables (20180927000613)
  [1m[35m (0.0ms)[0m  [1m[36mbegin transaction[0m
  ↳ /Users/johnmcbryan/.rbenv/versions/2.5.1/bin/rake:23
  [1m[35m (0.0ms)[0m  [1m[31mrollback transaction[0m
  ↳ /Users/johnmcbryan/.rbenv/versions/2.5.1/bin/rake:23
  [1m[35m (0.1ms)[0m  [1m[34mSELECT "schema_migrations"."version" FROM "schema_migrations" ORDER BY "schema_migrations"."version" ASC[0m
  ↳ /Users/johnmcbryan/.rbenv/versions/2.5.1/bin/rake:23
Migrating to CreateRanktables (20180927000613)
  [1m[35m (0.0ms)[0m  [1m[36mbegin transaction[0m
  ↳ /Users/johnmcbryan/.rbenv/versions/2.5.1/bin/rake:23
  [1m[35m (0.0ms)[0m  [1m[31mrollback transaction[0m
  ↳ /Users/johnmcbryan/.rbenv/versions/2.5.1/bin/rake:23
  [1m[35m (0.1ms)[0m  [1m[34mSELECT "schema_migrations"."version" FROM "schema_migrations" ORDER BY "schema_migrations"."version" ASC[0m
  ↳ /Users/johnmcbryan/.rbenv/versions/2.5.1/bin/rake:23
Migrating to CreateRanktables (20180927000613)
  [1m[35m (0.1ms)[0m  [1m[36mbegin transaction[0m
  ↳ /Users/johnmcbryan/.rbenv/versions/2.5.1/bin/rake:23
  [1m[35m (0.1ms)[0m  [1m[34mSELECT sqlite_version(*)[0m
  ↳ db/migrate/20180927000613_create_ranktables.rb:3
  [1m[35m (0.4ms)[0m  [1m[35mCREATE TABLE "ranktables" ("id" integer PRIMARY KEY AUTOINCREMENT NOT NULL, "title" varchar, "description" varchar, "author" varchar, "count" integer, "options" text, "created_at" datetime NOT NULL, "updated_at" datetime NOT NULL)[0m
  ↳ db/migrate/20180927000613_create_ranktables.rb:3
  [1m[36mActiveRecord::SchemaMigration Create (0.1ms)[0m  [1m[32mINSERT INTO "schema_migrations" ("version") VALUES (?)[0m  [["version", "20180927000613"]]
  ↳ /Users/johnmcbryan/.rbenv/versions/2.5.1/bin/rake:23
  [1m[35m (0.8ms)[0m  [1m[36mcommit transaction[0m
  ↳ /Users/johnmcbryan/.rbenv/versions/2.5.1/bin/rake:23
  [1m[36mActiveRecord::InternalMetadata Load (0.2ms)[0m  [1m[34mSELECT  "ar_internal_metadata".* FROM "ar_internal_metadata" WHERE "ar_internal_metadata"."key" = ? LIMIT ?[0m  [["key", "environment"], ["LIMIT", 1]]
  ↳ /Users/johnmcbryan/.rbenv/versions/2.5.1/bin/rake:23
  [1m[35m (0.0ms)[0m  [1m[36mbegin transaction[0m
  ↳ /Users/johnmcbryan/.rbenv/versions/2.5.1/bin/rake:23
  [1m[36mActiveRecord::InternalMetadata Create (0.3ms)[0m  [1m[32mINSERT INTO "ar_internal_metadata" ("key", "value", "created_at", "updated_at") VALUES (?, ?, ?, ?)[0m  [["key", "environment"], ["value", "development"], ["created_at", "2018-09-27 00:12:37.623899"], ["updated_at", "2018-09-27 00:12:37.623899"]]
  ↳ /Users/johnmcbryan/.rbenv/versions/2.5.1/bin/rake:23
  [1m[35m (0.7ms)[0m  [1m[36mcommit transaction[0m
  ↳ /Users/johnmcbryan/.rbenv/versions/2.5.1/bin/rake:23
  [1m[35m (0.1ms)[0m  [1m[34mSELECT "schema_migrations"."version" FROM "schema_migrations" ORDER BY "schema_migrations"."version" ASC[0m
  ↳ /Users/johnmcbryan/.rbenv/versions/2.5.1/bin/rake:23
  [1m[35m (0.0ms)[0m  [1m[36mbegin transaction[0m
  [1m[36mRanktable Create (0.3ms)[0m  [1m[32mINSERT INTO "ranktables" ("title", "author", "count", "options", "created_at", "updated_at") VALUES (?, ?, ?, ?, ?, ?)[0m  [["title", "Numbers"], ["author", "Jack"], ["count", 2], ["options", "[\"one\", \"two\", \"three\"]"], ["created_at", "2018-09-27 00:23:19.959213"], ["updated_at", "2018-09-27 00:23:19.959213"]]
  [1m[35m (1.3ms)[0m  [1m[36mcommit transaction[0m
  [1m[36mRanktable Load (0.3ms)[0m  [1m[34mSELECT "ranktables".* FROM "ranktables"[0m
  [1m[36mRanktable Load (0.2ms)[0m  [1m[34mSELECT  "ranktables".* FROM "ranktables" WHERE "ranktables"."id" = ? ORDER BY "ranktables"."id" ASC LIMIT ?[0m  [["id", 1], ["LIMIT", 1]]
  [1m[35m (0.1ms)[0m  [1m[36mbegin transaction[0m
  [1m[36mRanktable Update (0.4ms)[0m  [1m[33mUPDATE "ranktables" SET "description" = ?, "updated_at" = ? WHERE "ranktables"."id" = ?[0m  [["description", "First Rank Table"], ["updated_at", "2018-09-27 00:25:10.729098"], ["id", 1]]
  [1m[35m (1.3ms)[0m  [1m[36mcommit transaction[0m
  [1m[36mRanktable Load (0.1ms)[0m  [1m[34mSELECT  "ranktables".* FROM "ranktables" ORDER BY "ranktables"."id" ASC LIMIT ?[0m  [["LIMIT", 1]]
Started GET "/" for 127.0.0.1 at 2018-09-26 20:51:24 -0400
  [1m[35m (0.1ms)[0m  [1m[34mSELECT "schema_migrations"."version" FROM "schema_migrations" ORDER BY "schema_migrations"."version" ASC[0m
  ↳ /Users/johnmcbryan/.rbenv/versions/2.5.1/lib/ruby/gems/2.5.0/gems/activerecord-5.2.1/lib/active_record/log_subscriber.rb:98
Processing by Rails::WelcomeController#index as HTML
  Rendering /Users/johnmcbryan/.rbenv/versions/2.5.1/lib/ruby/gems/2.5.0/gems/railties-5.2.1/lib/rails/templates/rails/welcome/index.html.erb
  Rendered /Users/johnmcbryan/.rbenv/versions/2.5.1/lib/ruby/gems/2.5.0/gems/railties-5.2.1/lib/rails/templates/rails/welcome/index.html.erb (3.0ms)
Completed 200 OK in 20ms (Views: 10.8ms | ActiveRecord: 0.0ms)


Started GET "/" for 127.0.0.1 at 2018-09-26 20:52:11 -0400
Processing by RanktablesController#index as HTML
  Rendering ranktables/index.html.erb within layouts/application
  [1m[36mRanktable Load (0.5ms)[0m  [1m[34mSELECT "ranktables".* FROM "ranktables"[0m
  ↳ app/views/ranktables/index.html.erb:4
  Rendered ranktables/index.html.erb within layouts/application (11.3ms)
Completed 200 OK in 195ms (Views: 190.3ms | ActiveRecord: 1.0ms)


Started GET "/" for 127.0.0.1 at 2018-09-26 20:57:16 -0400
Processing by RanktablesController#index as HTML
  Rendering ranktables/index.html.erb within layouts/application
  [1m[36mRanktable Load (0.2ms)[0m  [1m[34mSELECT "ranktables".* FROM "ranktables"[0m
  ↳ app/views/ranktables/index.html.erb:4
  Rendered ranktables/index.html.erb within layouts/application (1.2ms)
  Rendered layouts/_header.html.erb (0.3ms)
  Rendered layouts/_footer.html.erb (0.2ms)
Completed 200 OK in 24ms (Views: 22.0ms | ActiveRecord: 0.2ms)


Started GET "/" for 127.0.0.1 at 2018-09-26 21:11:01 -0400
Processing by RanktablesController#index as HTML
  Rendering ranktables/index.html.erb within layouts/application
  [1m[36mRanktable Load (0.2ms)[0m  [1m[34mSELECT "ranktables".* FROM "ranktables"[0m
  ↳ app/views/ranktables/index.html.erb:4
  Rendered ranktables/index.html.erb within layouts/application (1.5ms)
  Rendered layouts/_header.html.erb (0.4ms)
  Rendered layouts/_footer.html.erb (0.3ms)
Completed 200 OK in 30ms (Views: 27.7ms | ActiveRecord: 0.2ms)


Started GET "/" for 127.0.0.1 at 2018-09-26 21:11:04 -0400
Processing by RanktablesController#index as HTML
  Rendering ranktables/index.html.erb within layouts/application
  [1m[36mRanktable Load (0.2ms)[0m  [1m[34mSELECT "ranktables".* FROM "ranktables"[0m
  ↳ app/views/ranktables/index.html.erb:4
  Rendered ranktables/index.html.erb within layouts/application (1.2ms)
  Rendered layouts/_header.html.erb (0.3ms)
  Rendered layouts/_footer.html.erb (0.3ms)
Completed 200 OK in 29ms (Views: 27.3ms | ActiveRecord: 0.2ms)


Started GET "/" for 127.0.0.1 at 2018-09-26 21:13:00 -0400
Processing by RanktablesController#index as HTML
  Rendering ranktables/index.html.erb within layouts/application
  [1m[36mRanktable Load (0.2ms)[0m  [1m[34mSELECT "ranktables".* FROM "ranktables"[0m
  ↳ app/views/ranktables/index.html.erb:4
  Rendered ranktables/index.html.erb within layouts/application (1.7ms)
  Rendered layouts/_header.html.erb (0.2ms)
  Rendered layouts/_footer.html.erb (0.7ms)
Completed 200 OK in 35ms (Views: 32.2ms | ActiveRecord: 0.2ms)


Started GET "/" for 127.0.0.1 at 2018-09-26 21:13:02 -0400
Processing by RanktablesController#index as HTML
  Rendering ranktables/index.html.erb within layouts/application
  [1m[36mRanktable Load (0.2ms)[0m  [1m[34mSELECT "ranktables".* FROM "ranktables"[0m
  ↳ app/views/ranktables/index.html.erb:4
  Rendered ranktables/index.html.erb within layouts/application (1.8ms)
  Rendered layouts/_header.html.erb (0.5ms)
  Rendered layouts/_footer.html.erb (0.4ms)
Completed 200 OK in 35ms (Views: 32.8ms | ActiveRecord: 0.2ms)


Started GET "/" for 127.0.0.1 at 2018-09-26 21:13:04 -0400
Processing by RanktablesController#index as HTML
  Rendering ranktables/index.html.erb within layouts/application
  [1m[36mRanktable Load (0.4ms)[0m  [1m[34mSELECT "ranktables".* FROM "ranktables"[0m
  ↳ app/views/ranktables/index.html.erb:4
  Rendered ranktables/index.html.erb within layouts/application (1.6ms)
  Rendered layouts/_header.html.erb (0.6ms)
  Rendered layouts/_footer.html.erb (0.3ms)
Completed 200 OK in 34ms (Views: 31.3ms | ActiveRecord: 0.4ms)


Started GET "/" for 127.0.0.1 at 2018-09-26 21:13:32 -0400
Processing by RanktablesController#index as HTML
  Rendering ranktables/index.html.erb within layouts/application
  [1m[36mRanktable Load (0.2ms)[0m  [1m[34mSELECT "ranktables".* FROM "ranktables"[0m
  ↳ app/views/ranktables/index.html.erb:4
  Rendered ranktables/index.html.erb within layouts/application (1.8ms)
  Rendered layouts/_header.html.erb (0.3ms)
  Rendered layouts/_sidebar.html.erb (0.5ms)
  Rendered layouts/_footer.html.erb (0.2ms)
Completed 200 OK in 30ms (Views: 27.3ms | ActiveRecord: 0.2ms)


Started GET "/ranktables/new" for 127.0.0.1 at 2018-09-26 21:13:34 -0400
Processing by RanktablesController#new as HTML
  Rendering ranktables/new.html.erb within layouts/application
  Rendered ranktables/new.html.erb within layouts/application (197.2ms)
Completed 500 Internal Server Error in 205ms (ActiveRecord: 0.0ms)


  
ActionView::Template::Error (undefined local variable or method `articles_path' for #<#<Class:0x00007f981bd869f8>:0x00007f98240d8838>
Did you mean?  asset_path):
    22:   </p>
    23:   <p>
    24:     <%= f.submit %>
    25:     <%= link_to "Cancel", articles_path %>
    26:   </p>
    27: <% end %>
  
app/views/ranktables/new.html.erb:25:in `block in _app_views_ranktables_new_html_erb__4226836812285301424_70145708312780'
app/views/ranktables/new.html.erb:1:in `_app_views_ranktables_new_html_erb__4226836812285301424_70145708312780'
Started GET "/ranktables/new" for 127.0.0.1 at 2018-09-26 21:13:51 -0400
Processing by RanktablesController#new as HTML
  Rendering ranktables/new.html.erb within layouts/application
  Rendered ranktables/new.html.erb within layouts/application (2.1ms)
  Rendered layouts/_header.html.erb (0.3ms)
  Rendered layouts/_sidebar.html.erb (0.4ms)
  Rendered layouts/_footer.html.erb (0.3ms)
Completed 200 OK in 25ms (Views: 22.3ms | ActiveRecord: 0.0ms)


Started POST "/ranktables" for 127.0.0.1 at 2018-09-26 21:14:45 -0400
Processing by RanktablesController#create as HTML
  Parameters: {"utf8"=>"✓", "authenticity_token"=>"/zASyLddEV/FixvIrLEj1Izs54lWNSwIfcEHmaKFCN7G5e1O+Xa+i4+kh9rqWMVdzdcjElzXm6jdCSFPzTcf0Q==", "ranktable"=>{"title"=>"Which Thing is Best?", "description"=>"This is ranking Things, like the ones from Dr.Seuss.  You know the ones.", "author"=>"Jack", "options"=>["Thing 1", "Thing 2 ", "Thing 3"], "count"=>"2"}, "commit"=>"Create Ranktable"}
  [1m[35m (0.1ms)[0m  [1m[36mbegin transaction[0m
  ↳ app/controllers/ranktables_controller.rb:23
  [1m[36mRanktable Create (0.5ms)[0m  [1m[32mINSERT INTO "ranktables" ("title", "description", "author", "count", "options", "created_at", "updated_at") VALUES (?, ?, ?, ?, ?, ?, ?)[0m  [["title", "Which Thing is Best?"], ["description", "This is ranking Things, like the ones from Dr.Seuss.  You know the ones."], ["author", "Jack"], ["count", 2], ["options", "[\"Thing 1\", \"Thing 2 \", \"Thing 3\"]"], ["created_at", "2018-09-27 01:14:45.563649"], ["updated_at", "2018-09-27 01:14:45.563649"]]
  ↳ app/controllers/ranktables_controller.rb:23
  [1m[35m (1.2ms)[0m  [1m[36mcommit transaction[0m
  ↳ app/controllers/ranktables_controller.rb:23
Redirected to http://localhost:3000/ranktables/2
Completed 302 Found in 5ms (ActiveRecord: 1.8ms)


Started GET "/ranktables/2" for 127.0.0.1 at 2018-09-26 21:14:45 -0400
Processing by RanktablesController#show as HTML
  Parameters: {"id"=>"2"}
  [1m[36mRanktable Load (0.2ms)[0m  [1m[34mSELECT  "ranktables".* FROM "ranktables" WHERE "ranktables"."id" = ? LIMIT ?[0m  [["id", 2], ["LIMIT", 1]]
  ↳ app/controllers/ranktables_controller.rb:8
  Rendering ranktables/show.html.erb within layouts/application
  Rendered ranktables/show.html.erb within layouts/application (0.5ms)
  Rendered layouts/_header.html.erb (0.2ms)
  Rendered layouts/_sidebar.html.erb (0.3ms)
  Rendered layouts/_footer.html.erb (0.3ms)
Completed 200 OK in 21ms (Views: 17.4ms | ActiveRecord: 0.2ms)


Started GET "/" for 127.0.0.1 at 2018-09-26 21:14:53 -0400
Processing by RanktablesController#index as HTML
  Rendering ranktables/index.html.erb within layouts/application
  [1m[36mRanktable Load (0.2ms)[0m  [1m[34mSELECT "ranktables".* FROM "ranktables"[0m
  ↳ app/views/ranktables/index.html.erb:4
  Rendered ranktables/index.html.erb within layouts/application (1.5ms)
  Rendered layouts/_header.html.erb (0.2ms)
  Rendered layouts/_sidebar.html.erb (0.4ms)
  Rendered layouts/_footer.html.erb (0.2ms)
Completed 200 OK in 27ms (Views: 23.3ms | ActiveRecord: 0.2ms)


  [1m[35m (0.1ms)[0m  [1m[34mSELECT "schema_migrations"."version" FROM "schema_migrations" ORDER BY "schema_migrations"."version" ASC[0m
  ↳ /Users/johnmcbryan/.rbenv/versions/2.5.1/bin/rake:23
Migrating to CreateVotes (20180927015442)
  [1m[35m (0.1ms)[0m  [1m[34mSELECT "schema_migrations"."version" FROM "schema_migrations" ORDER BY "schema_migrations"."version" ASC[0m
  ↳ /Users/johnmcbryan/.rbenv/versions/2.5.1/bin/rake:23
Migrating to CreateVotes (20180927015442)
  [1m[35m (0.0ms)[0m  [1m[36mbegin transaction[0m
  ↳ /Users/johnmcbryan/.rbenv/versions/2.5.1/bin/rake:23
  [1m[35m (0.1ms)[0m  [1m[34mSELECT sqlite_version(*)[0m
  ↳ db/migrate/20180927015442_create_votes.rb:3
  [1m[35m (0.3ms)[0m  [1m[35mCREATE TABLE "votes" ("id" integer PRIMARY KEY AUTOINCREMENT NOT NULL, "tableID" integer, "userID" integer, "option" varchar, "rank" integer, "created_at" datetime NOT NULL, "updated_at" datetime NOT NULL)[0m
  ↳ db/migrate/20180927015442_create_votes.rb:3
  [1m[36mActiveRecord::SchemaMigration Create (0.2ms)[0m  [1m[32mINSERT INTO "schema_migrations" ("version") VALUES (?)[0m  [["version", "20180927015442"]]
  ↳ /Users/johnmcbryan/.rbenv/versions/2.5.1/bin/rake:23
  [1m[35m (0.9ms)[0m  [1m[36mcommit transaction[0m
  ↳ /Users/johnmcbryan/.rbenv/versions/2.5.1/bin/rake:23
  [1m[36mActiveRecord::InternalMetadata Load (0.1ms)[0m  [1m[34mSELECT  "ar_internal_metadata".* FROM "ar_internal_metadata" WHERE "ar_internal_metadata"."key" = ? LIMIT ?[0m  [["key", "environment"], ["LIMIT", 1]]
  ↳ /Users/johnmcbryan/.rbenv/versions/2.5.1/bin/rake:23
  [1m[35m (0.0ms)[0m  [1m[36mbegin transaction[0m
  ↳ /Users/johnmcbryan/.rbenv/versions/2.5.1/bin/rake:23
  [1m[35m (0.0ms)[0m  [1m[36mcommit transaction[0m
  ↳ /Users/johnmcbryan/.rbenv/versions/2.5.1/bin/rake:23
  [1m[35m (0.1ms)[0m  [1m[34mSELECT "schema_migrations"."version" FROM "schema_migrations" ORDER BY "schema_migrations"."version" ASC[0m
  ↳ /Users/johnmcbryan/.rbenv/versions/2.5.1/bin/rake:23
  [1m[35m (0.0ms)[0m  [1m[36mbegin transaction[0m
  [1m[36mVote Create (0.4ms)[0m  [1m[32mINSERT INTO "votes" ("tableID", "userID", "option", "rank", "created_at", "updated_at") VALUES (?, ?, ?, ?, ?, ?)[0m  [["tableID", 1], ["userID", 1], ["option", "Thing 1"], ["rank", 1], ["created_at", "2018-09-27 01:56:57.319202"], ["updated_at", "2018-09-27 01:56:57.319202"]]
  [1m[35m (1.4ms)[0m  [1m[36mcommit transaction[0m
  [1m[35m (0.1ms)[0m  [1m[36mbegin transaction[0m
  [1m[36mVote Create (0.5ms)[0m  [1m[32mINSERT INTO "votes" ("tableID", "userID", "option", "rank", "created_at", "updated_at") VALUES (?, ?, ?, ?, ?, ?)[0m  [["tableID", 1], ["userID", 1], ["option", "Thing 2"], ["rank", 2], ["created_at", "2018-09-27 01:57:11.051638"], ["updated_at", "2018-09-27 01:57:11.051638"]]
  [1m[35m (0.9ms)[0m  [1m[36mcommit transaction[0m
Started GET "/" for 127.0.0.1 at 2018-09-28 20:35:06 -0400
  [1m[35m (0.1ms)[0m  [1m[34mSELECT "schema_migrations"."version" FROM "schema_migrations" ORDER BY "schema_migrations"."version" ASC[0m
  ↳ /Users/johnmcbryan/.rbenv/versions/2.5.1/lib/ruby/gems/2.5.0/gems/activerecord-5.2.1/lib/active_record/log_subscriber.rb:98
Processing by RanktablesController#index as HTML
  Rendering ranktables/index.html.erb within layouts/application
  [1m[36mRanktable Load (0.2ms)[0m  [1m[34mSELECT "ranktables".* FROM "ranktables"[0m
  ↳ app/views/ranktables/index.html.erb:4
  Rendered ranktables/index.html.erb within layouts/application (8.9ms)
  Rendered layouts/_header.html.erb (0.2ms)
  Rendered layouts/_sidebar.html.erb (0.3ms)
  Rendered layouts/_footer.html.erb (0.2ms)
Completed 200 OK in 155ms (Views: 144.6ms | ActiveRecord: 0.7ms)


Started GET "/ranktables/2" for 127.0.0.1 at 2018-09-28 20:35:38 -0400
Processing by RanktablesController#show as HTML
  Parameters: {"id"=>"2"}
  [1m[36mRanktable Load (0.2ms)[0m  [1m[34mSELECT  "ranktables".* FROM "ranktables" WHERE "ranktables"."id" = ? LIMIT ?[0m  [["id", 2], ["LIMIT", 1]]
  ↳ app/controllers/ranktables_controller.rb:9
  Rendering ranktables/show.html.erb within layouts/application
  Rendered ranktables/show.html.erb within layouts/application (1.4ms)
  Rendered layouts/_header.html.erb (0.3ms)
  Rendered layouts/_sidebar.html.erb (0.3ms)
  Rendered layouts/_footer.html.erb (0.1ms)
Completed 200 OK in 39ms (Views: 19.5ms | ActiveRecord: 0.8ms)


Started POST "/votes" for 127.0.0.1 at 2018-09-28 20:35:46 -0400
Processing by VotesController#create as HTML
  Parameters: {"utf8"=>"✓", "authenticity_token"=>"zMvXbZWKw6SWHcitHcanR+TZ84D4YwJSBtkpGJcpn9bPJbg0yGHE8IJ+bl2i4WdKj4PVhMiUdgvL3Z53ozEZrQ==", "option"=>"3", "commit"=>"Save changes"}
Completed 500 Internal Server Error in 1ms (ActiveRecord: 0.0ms)


  
NoMethodError (undefined method `each' for nil:NilClass):
  
app/controllers/votes_controller.rb:7:in `create'
Started GET "/ranktables/2" for 127.0.0.1 at 2018-09-28 20:35:50 -0400
Processing by RanktablesController#show as HTML
  Parameters: {"id"=>"2"}
  [1m[36mRanktable Load (0.1ms)[0m  [1m[34mSELECT  "ranktables".* FROM "ranktables" WHERE "ranktables"."id" = ? LIMIT ?[0m  [["id", 2], ["LIMIT", 1]]
  ↳ app/controllers/ranktables_controller.rb:9
  Rendering ranktables/show.html.erb within layouts/application
  Rendered ranktables/show.html.erb within layouts/application (1.7ms)
  Rendered layouts/_header.html.erb (0.3ms)
  Rendered layouts/_sidebar.html.erb (0.5ms)
  Rendered layouts/_footer.html.erb (0.2ms)
Completed 200 OK in 30ms (Views: 26.5ms | ActiveRecord: 0.1ms)


Started POST "/votes" for 127.0.0.1 at 2018-09-28 20:36:00 -0400
Processing by VotesController#create as HTML
  Parameters: {"utf8"=>"✓", "authenticity_token"=>"PrmbBjann4K20cUfkY5+kH+z/5ONFwRHmXjPL3qj7oU9V/Rfa0yY1qKyY+8uqb6dFOnZl73gcB5UfHhATrto/g==", "option"=>"jack", "commit"=>"Save changes"}
Completed 500 Internal Server Error in 1ms (ActiveRecord: 0.0ms)


  
NoMethodError (undefined method `each' for nil:NilClass):
  
app/controllers/votes_controller.rb:7:in `create'
Started GET "/ranktables/2" for 127.0.0.1 at 2018-09-28 20:43:24 -0400
Processing by RanktablesController#show as HTML
  Parameters: {"id"=>"2"}
  [1m[36mRanktable Load (0.2ms)[0m  [1m[34mSELECT  "ranktables".* FROM "ranktables" WHERE "ranktables"."id" = ? LIMIT ?[0m  [["id", 2], ["LIMIT", 1]]
  ↳ app/controllers/ranktables_controller.rb:9
  Rendering ranktables/show.html.erb within layouts/application
  Rendered ranktables/show.html.erb within layouts/application (126.3ms)
Completed 500 Internal Server Error in 135ms (ActiveRecord: 0.2ms)


  
ActionView::Template::Error (undefined method `text_field_tag' for #<ActionView::Helpers::FormBuilder:0x00007fd6d83e1fa0>
Did you mean?  text_field):
    20:       <%= fields_for 'votes[]', text do |p| %>
    21:         <div class="field">
    22:           <%= text %>
    23:           <%= p.text_field_tag :option %>
    24:         </div>
    25:       <% end %>
    26:     <% end %>
  
app/views/ranktables/show.html.erb:23:in `block (3 levels) in _app_views_ranktables_show_html_erb___2000905756282166884_70280363644640'
app/views/ranktables/show.html.erb:20:in `block (2 levels) in _app_views_ranktables_show_html_erb___2000905756282166884_70280363644640'
app/views/ranktables/show.html.erb:19:in `each'
app/views/ranktables/show.html.erb:19:in `block in _app_views_ranktables_show_html_erb___2000905756282166884_70280363644640'
app/views/ranktables/show.html.erb:18:in `_app_views_ranktables_show_html_erb___2000905756282166884_70280363644640'
Started GET "/ranktables/2" for 127.0.0.1 at 2018-09-28 20:43:42 -0400
Processing by RanktablesController#show as HTML
  Parameters: {"id"=>"2"}
  [1m[36mRanktable Load (0.2ms)[0m  [1m[34mSELECT  "ranktables".* FROM "ranktables" WHERE "ranktables"."id" = ? LIMIT ?[0m  [["id", 2], ["LIMIT", 1]]
  ↳ app/controllers/ranktables_controller.rb:9
  Rendering ranktables/show.html.erb within layouts/application
  Rendered ranktables/show.html.erb within layouts/application (14.7ms)
Completed 500 Internal Server Error in 22ms (ActiveRecord: 0.2ms)


  
ActionView::Template::Error (undefined method `option' for "[\"Thing 1\"":String):
    20:       <%= fields_for 'votes[]', text do |p| %>
    21:         <div class="field">
    22:           <%= text %>
    23:           <%= p.text_field :option %>
    24:         </div>
    25:       <% end %>
    26:     <% end %>
  
app/views/ranktables/show.html.erb:23:in `block (3 levels) in _app_views_ranktables_show_html_erb___2000905756282166884_70280388084380'
app/views/ranktables/show.html.erb:20:in `block (2 levels) in _app_views_ranktables_show_html_erb___2000905756282166884_70280388084380'
app/views/ranktables/show.html.erb:19:in `each'
app/views/ranktables/show.html.erb:19:in `block in _app_views_ranktables_show_html_erb___2000905756282166884_70280388084380'
app/views/ranktables/show.html.erb:18:in `_app_views_ranktables_show_html_erb___2000905756282166884_70280388084380'
Started GET "/ranktables/2" for 127.0.0.1 at 2018-09-28 20:58:01 -0400
Processing by RanktablesController#show as HTML
  Parameters: {"id"=>"2"}
  [1m[36mRanktable Load (0.1ms)[0m  [1m[34mSELECT  "ranktables".* FROM "ranktables" WHERE "ranktables"."id" = ? LIMIT ?[0m  [["id", 2], ["LIMIT", 1]]
  ↳ app/controllers/ranktables_controller.rb:9
  Rendering ranktables/show.html.erb within layouts/application
  Rendered ranktables/show.html.erb within layouts/application (4.4ms)
Completed 500 Internal Server Error in 12ms (ActiveRecord: 0.1ms)


  
ActionView::Template::Error (undefined method `option' for #<Array:0x00007fd6da144840>):
    20:       <%= fields_for 'votes[]', @vote do |p| %>
    21:         <div class="field">
    22:           <%= text %>
    23:           <%= p.text_field :option %>
    24:         </div>
    25:       <% end %>
    26:     <% end %>
  
app/views/ranktables/show.html.erb:23:in `block (3 levels) in _app_views_ranktables_show_html_erb___2000905756282166884_70280379234080'
app/views/ranktables/show.html.erb:20:in `block (2 levels) in _app_views_ranktables_show_html_erb___2000905756282166884_70280379234080'
app/views/ranktables/show.html.erb:19:in `each'
app/views/ranktables/show.html.erb:19:in `block in _app_views_ranktables_show_html_erb___2000905756282166884_70280379234080'
app/views/ranktables/show.html.erb:18:in `_app_views_ranktables_show_html_erb___2000905756282166884_70280379234080'
Started GET "/ranktables/2" for 127.0.0.1 at 2018-09-28 20:58:17 -0400
Processing by RanktablesController#show as HTML
  Parameters: {"id"=>"2"}
  [1m[36mRanktable Load (0.2ms)[0m  [1m[34mSELECT  "ranktables".* FROM "ranktables" WHERE "ranktables"."id" = ? LIMIT ?[0m  [["id", 2], ["LIMIT", 1]]
  ↳ app/controllers/ranktables_controller.rb:9
  Rendering ranktables/show.html.erb within layouts/application
  Rendered ranktables/show.html.erb within layouts/application (1.3ms)
  Rendered layouts/_header.html.erb (0.2ms)
  Rendered layouts/_sidebar.html.erb (0.3ms)
  Rendered layouts/_footer.html.erb (0.1ms)
Completed 200 OK in 23ms (Views: 19.9ms | ActiveRecord: 0.2ms)


Started POST "/votes" for 127.0.0.1 at 2018-09-28 20:58:23 -0400
Processing by VotesController#create as HTML
  Parameters: {"utf8"=>"✓", "authenticity_token"=>"Zqk55WDvLY2wmu2FSYwpaEzMq++dJ7gyrlH28jHtuGpffMZjLsSCWfq1cZcPZc/hDfdvdJfFD5IOmdAkXl+vZQ==", "option"=>"3", "commit"=>"Save changes"}
Completed 500 Internal Server Error in 1ms (ActiveRecord: 0.0ms)


  
NoMethodError (undefined method `each' for nil:NilClass):
  
app/controllers/votes_controller.rb:7:in `create'
Started POST "/votes" for 127.0.0.1 at 2018-09-28 20:58:45 -0400
Processing by VotesController#create as HTML
  Parameters: {"utf8"=>"✓", "authenticity_token"=>"Zqk55WDvLY2wmu2FSYwpaEzMq++dJ7gyrlH28jHtuGpffMZjLsSCWfq1cZcPZc/hDfdvdJfFD5IOmdAkXl+vZQ==", "option"=>"3", "commit"=>"Save changes"}
Completed 500 Internal Server Error in 1ms (ActiveRecord: 0.0ms)


  
NoMethodError (undefined method `each' for nil:NilClass):
  
app/controllers/votes_controller.rb:7:in `create'
Started GET "/ranktables/2" for 127.0.0.1 at 2018-09-28 21:08:21 -0400
Processing by RanktablesController#show as HTML
  Parameters: {"id"=>"2"}
  [1m[36mRanktable Load (0.2ms)[0m  [1m[34mSELECT  "ranktables".* FROM "ranktables" WHERE "ranktables"."id" = ? LIMIT ?[0m  [["id", 2], ["LIMIT", 1]]
  ↳ app/controllers/ranktables_controller.rb:9
  Rendering ranktables/show.html.erb within layouts/application
  Rendered ranktables/show.html.erb within layouts/application (4.5ms)
Completed 500 Internal Server Error in 12ms (ActiveRecord: 0.2ms)


  
ActionView::Template::Error (undefined method `option' for #<Array:0x00007fd6d84703b8>):
    20:       <%= fields_for :vote, @vote do |p| %>
    21:         <div class="field">
    22:           <%= text %>
    23:           <%=p.text_field :option %>
    24:         </div>
    25:       <% end %>
    26:     <% end %>
  
app/views/ranktables/show.html.erb:23:in `block (3 levels) in _app_views_ranktables_show_html_erb___2000905756282166884_70280364105360'
app/views/ranktables/show.html.erb:20:in `block (2 levels) in _app_views_ranktables_show_html_erb___2000905756282166884_70280364105360'
app/views/ranktables/show.html.erb:19:in `each'
app/views/ranktables/show.html.erb:19:in `block in _app_views_ranktables_show_html_erb___2000905756282166884_70280364105360'
app/views/ranktables/show.html.erb:18:in `_app_views_ranktables_show_html_erb___2000905756282166884_70280364105360'
Started GET "/ranktables/2" for 127.0.0.1 at 2018-09-28 21:15:37 -0400
Processing by RanktablesController#show as HTML
  Parameters: {"id"=>"2"}
  [1m[36mRanktable Load (0.1ms)[0m  [1m[34mSELECT  "ranktables".* FROM "ranktables" WHERE "ranktables"."id" = ? LIMIT ?[0m  [["id", 2], ["LIMIT", 1]]
  ↳ app/controllers/ranktables_controller.rb:9
  Rendering ranktables/show.html.erb within layouts/application
  Rendered ranktables/show.html.erb within layouts/application (3.9ms)
Completed 500 Internal Server Error in 26ms (ActiveRecord: 1.2ms)


  
ActionView::Template::Error (undefined method `option' for #<Array:0x00007fd6d993c1c0>):
    20:       <%= fields_for :vote, @vote do |p| %>
    21:         <div class="field">
    22:           <%= text %>
    23:           <%=p.text_field :option %>
    24:         </div>
    25:       <% end %>
    26:     <% end %>
  
app/views/ranktables/show.html.erb:23:in `block (3 levels) in _app_views_ranktables_show_html_erb___2000905756282166884_70280374593380'
app/views/ranktables/show.html.erb:20:in `block (2 levels) in _app_views_ranktables_show_html_erb___2000905756282166884_70280374593380'
app/views/ranktables/show.html.erb:19:in `each'
app/views/ranktables/show.html.erb:19:in `block in _app_views_ranktables_show_html_erb___2000905756282166884_70280374593380'
app/views/ranktables/show.html.erb:18:in `_app_views_ranktables_show_html_erb___2000905756282166884_70280374593380'
Started GET "/ranktables/2" for 127.0.0.1 at 2018-09-28 21:27:35 -0400
Processing by RanktablesController#show as HTML
  Parameters: {"id"=>"2"}
  [1m[36mRanktable Load (0.1ms)[0m  [1m[34mSELECT  "ranktables".* FROM "ranktables" WHERE "ranktables"."id" = ? LIMIT ?[0m  [["id", 2], ["LIMIT", 1]]
  ↳ app/controllers/ranktables_controller.rb:9
  Rendering ranktables/show.html.erb within layouts/application
  Rendered ranktables/show.html.erb within layouts/application (3.9ms)
Completed 500 Internal Server Error in 11ms (ActiveRecord: 0.1ms)


  
ActionView::Template::Error (undefined method `text_field' for nil:NilClass):
    20:       <%= text_field_tag "votes[votes][]vote[option]" %>
    21:       <div class="field">
    22:           <%= text %>
    23:           <%=p.text_field :option %>
    24:         </div>
    25:     <% end %>
    26:     <div class="actions">
  
app/views/ranktables/show.html.erb:23:in `block (2 levels) in _app_views_ranktables_show_html_erb___2000905756282166884_70280388218700'
app/views/ranktables/show.html.erb:19:in `each'
app/views/ranktables/show.html.erb:19:in `block in _app_views_ranktables_show_html_erb___2000905756282166884_70280388218700'
app/views/ranktables/show.html.erb:18:in `_app_views_ranktables_show_html_erb___2000905756282166884_70280388218700'
Started GET "/ranktables/2" for 127.0.0.1 at 2018-09-28 21:28:26 -0400
Processing by RanktablesController#show as HTML
  Parameters: {"id"=>"2"}
  [1m[36mRanktable Load (0.2ms)[0m  [1m[34mSELECT  "ranktables".* FROM "ranktables" WHERE "ranktables"."id" = ? LIMIT ?[0m  [["id", 2], ["LIMIT", 1]]
  ↳ app/controllers/ranktables_controller.rb:9
  Rendering ranktables/show.html.erb within layouts/application
  Rendered ranktables/show.html.erb within layouts/application (1.2ms)
  Rendered layouts/_header.html.erb (0.2ms)
  Rendered layouts/_sidebar.html.erb (0.5ms)
  Rendered layouts/_footer.html.erb (0.2ms)
Completed 200 OK in 23ms (Views: 20.2ms | ActiveRecord: 0.2ms)


Started POST "/votes" for 127.0.0.1 at 2018-09-28 21:28:32 -0400
Processing by VotesController#create as HTML
  Parameters: {"utf8"=>"✓", "authenticity_token"=>"fDnVNrrvgN0LaemImR9XhGoETw/BmVpyZzwEd2g92vdF7Cqw9MQvCUFGdZrf9rENKz+LlMt77dLH9CKhB4/N+A==", "votes"=>{"votes"=>[{"vote"=>{"option"=>"1"}}, {"vote"=>{"option"=>"2"}}, {"vote"=>{"option"=>"3"}}]}, "commit"=>"Save changes"}
Completed 500 Internal Server Error in 2ms (ActiveRecord: 0.0ms)


  
NoMethodError (undefined method `permit' for #<Array:0x00007fd6df93e140>):
  
app/controllers/votes_controller.rb:16:in `vote_params'
app/controllers/votes_controller.rb:8:in `block in create'
app/controllers/votes_controller.rb:7:in `create'
Started GET "/ranktables/2" for 127.0.0.1 at 2018-09-28 21:29:33 -0400
Processing by RanktablesController#show as HTML
  Parameters: {"id"=>"2"}
  [1m[36mRanktable Load (0.2ms)[0m  [1m[34mSELECT  "ranktables".* FROM "ranktables" WHERE "ranktables"."id" = ? LIMIT ?[0m  [["id", 2], ["LIMIT", 1]]
  ↳ app/controllers/ranktables_controller.rb:9
  Rendering ranktables/show.html.erb within layouts/application
  Rendered ranktables/show.html.erb within layouts/application (1.2ms)
  Rendered layouts/_header.html.erb (0.2ms)
  Rendered layouts/_sidebar.html.erb (0.3ms)
  Rendered layouts/_footer.html.erb (0.2ms)
Completed 200 OK in 23ms (Views: 20.6ms | ActiveRecord: 0.2ms)


Started GET "/ranktables/2" for 127.0.0.1 at 2018-09-28 21:29:34 -0400
Processing by RanktablesController#show as HTML
  Parameters: {"id"=>"2"}
  [1m[36mRanktable Load (0.2ms)[0m  [1m[34mSELECT  "ranktables".* FROM "ranktables" WHERE "ranktables"."id" = ? LIMIT ?[0m  [["id", 2], ["LIMIT", 1]]
  ↳ app/controllers/ranktables_controller.rb:9
  Rendering ranktables/show.html.erb within layouts/application
  Rendered ranktables/show.html.erb within layouts/application (1.4ms)
  Rendered layouts/_header.html.erb (0.2ms)
  Rendered layouts/_sidebar.html.erb (0.4ms)
  Rendered layouts/_footer.html.erb (0.2ms)
Completed 200 OK in 28ms (Views: 25.1ms | ActiveRecord: 0.2ms)


Started POST "/votes" for 127.0.0.1 at 2018-09-28 21:29:38 -0400
Processing by VotesController#create as HTML
  Parameters: {"utf8"=>"✓", "authenticity_token"=>"UHTOjlMxK7/rBIUGJ2npKduiFxX62zQCHy+TqTvr6CdpoTEIHRqEa6ErGRRhgA+gmpnTjvA5g6K/57V/VFn/KA==", "votes"=>[{"vote"=>{"option"=>"1"}}, {"vote"=>{"option"=>"2"}}, {"vote"=>{"option"=>"3"}}], "commit"=>"Save changes"}
Unpermitted parameter: :vote
Completed 500 Internal Server Error in 2ms (ActiveRecord: 0.0ms)


  
NoMethodError (undefined method `create' for #<ActionController::Parameters:0x00007fd6db23aff0>):
  
app/controllers/votes_controller.rb:8:in `block in create'
app/controllers/votes_controller.rb:7:in `each'
app/controllers/votes_controller.rb:7:in `create'
Started GET "/ranktables/2" for 127.0.0.1 at 2018-09-28 21:30:01 -0400
Processing by RanktablesController#show as HTML
  Parameters: {"id"=>"2"}
  [1m[36mRanktable Load (0.2ms)[0m  [1m[34mSELECT  "ranktables".* FROM "ranktables" WHERE "ranktables"."id" = ? LIMIT ?[0m  [["id", 2], ["LIMIT", 1]]
  ↳ app/controllers/ranktables_controller.rb:9
  Rendering ranktables/show.html.erb within layouts/application
  Rendered ranktables/show.html.erb within layouts/application (1.1ms)
  Rendered layouts/_header.html.erb (0.2ms)
  Rendered layouts/_sidebar.html.erb (0.3ms)
  Rendered layouts/_footer.html.erb (0.1ms)
Completed 200 OK in 23ms (Views: 19.8ms | ActiveRecord: 0.2ms)


Started POST "/votes" for 127.0.0.1 at 2018-09-28 21:30:07 -0400
Processing by VotesController#create as HTML
  Parameters: {"utf8"=>"✓", "authenticity_token"=>"pAzoNcnmihkM+4uXCBARErjU0xM06Zgyaz1wZsd/cPqd2Rezh80lzUbUF4VO+feb+e8XiD4LL5LL9VawqM1n9Q==", "vote"=>{"option"=>"3"}, "commit"=>"Save changes"}
Completed 500 Internal Server Error in 1ms (ActiveRecord: 0.0ms)


  
NoMethodError (undefined method `each' for nil:NilClass):
  
app/controllers/votes_controller.rb:7:in `create'
Started GET "/ranktables/2" for 127.0.0.1 at 2018-09-28 21:30:29 -0400
Processing by RanktablesController#show as HTML
  Parameters: {"id"=>"2"}
  [1m[36mRanktable Load (0.2ms)[0m  [1m[34mSELECT  "ranktables".* FROM "ranktables" WHERE "ranktables"."id" = ? LIMIT ?[0m  [["id", 2], ["LIMIT", 1]]
  ↳ app/controllers/ranktables_controller.rb:9
  Rendering ranktables/show.html.erb within layouts/application
  Rendered ranktables/show.html.erb within layouts/application (1.1ms)
  Rendered layouts/_header.html.erb (0.2ms)
  Rendered layouts/_sidebar.html.erb (0.5ms)
  Rendered layouts/_footer.html.erb (0.3ms)
Completed 200 OK in 23ms (Views: 20.3ms | ActiveRecord: 0.2ms)


Started POST "/votes" for 127.0.0.1 at 2018-09-28 21:30:33 -0400
Processing by VotesController#create as HTML
  Parameters: {"utf8"=>"✓", "authenticity_token"=>"DJDwqRFW/safakBP4DZ6HQKTQwGtMb1eL448okh7W9M1RQ8vX31REtVF3F2m35yUQ6iHmqfTCv6PRhp0J8lM3A==", "votes"=>[{"option"=>"1"}, {"option"=>"2"}, {"option"=>"3"}], "commit"=>"Save changes"}
Completed 500 Internal Server Error in 2ms (ActiveRecord: 0.0ms)


  
NoMethodError (undefined method `create' for <ActionController::Parameters {"option"=>"1"} permitted: false>:ActionController::Parameters):
  
app/controllers/votes_controller.rb:8:in `block in create'
app/controllers/votes_controller.rb:7:in `each'
app/controllers/votes_controller.rb:7:in `create'
Started GET "/ranktables/2" for 127.0.0.1 at 2018-09-28 21:32:56 -0400
Processing by RanktablesController#show as HTML
  Parameters: {"id"=>"2"}
  [1m[36mRanktable Load (0.1ms)[0m  [1m[34mSELECT  "ranktables".* FROM "ranktables" WHERE "ranktables"."id" = ? LIMIT ?[0m  [["id", 2], ["LIMIT", 1]]
  ↳ app/controllers/ranktables_controller.rb:9
  Rendering ranktables/show.html.erb within layouts/application
  Rendered ranktables/show.html.erb within layouts/application (1.1ms)
  Rendered layouts/_header.html.erb (0.4ms)
  Rendered layouts/_sidebar.html.erb (0.6ms)
  Rendered layouts/_footer.html.erb (0.2ms)
Completed 200 OK in 38ms (Views: 21.6ms | ActiveRecord: 1.1ms)


Started POST "/votes" for 127.0.0.1 at 2018-09-28 21:33:04 -0400
Processing by VotesController#create as HTML
  Parameters: {"utf8"=>"✓", "authenticity_token"=>"ASjXx1IaMBAEHuPktMdhjO12OpSrs462yOqZlp5a5eE4/ShBHDGfxE4xf/byLocFrE3+D6FRORZoIr9A8ejy7g==", "votes"=>[{"option"=>"1"}, {"option"=>"2"}, {"option"=>"4"}], "commit"=>"Save changes"}
Completed 500 Internal Server Error in 2ms (ActiveRecord: 0.0ms)


  
NoMethodError (undefined method `create' for <ActionController::Parameters {"option"=>"1"} permitted: false>:ActionController::Parameters):
  
app/controllers/votes_controller.rb:8:in `block in create'
app/controllers/votes_controller.rb:7:in `each'
app/controllers/votes_controller.rb:7:in `create'
Started GET "/ranktables/2" for 127.0.0.1 at 2018-09-28 21:33:17 -0400
Processing by RanktablesController#show as HTML
  Parameters: {"id"=>"2"}
  [1m[36mRanktable Load (0.1ms)[0m  [1m[34mSELECT  "ranktables".* FROM "ranktables" WHERE "ranktables"."id" = ? LIMIT ?[0m  [["id", 2], ["LIMIT", 1]]
  ↳ app/controllers/ranktables_controller.rb:9
  Rendering ranktables/show.html.erb within layouts/application
  Rendered ranktables/show.html.erb within layouts/application (1.2ms)
  Rendered layouts/_header.html.erb (0.2ms)
  Rendered layouts/_sidebar.html.erb (0.3ms)
  Rendered layouts/_footer.html.erb (0.3ms)
Completed 200 OK in 35ms (Views: 19.3ms | ActiveRecord: 1.1ms)


Started POST "/votes" for 127.0.0.1 at 2018-09-28 21:33:21 -0400
Processing by VotesController#create as HTML
  Parameters: {"utf8"=>"✓", "authenticity_token"=>"4E1ZmtiIUAJQdxrLVTFXqgFKonRJQLVKyPQlgqcBdlXZmKYclqP/1hpYhtkT2LEjQHFm70OiAupoPANUyLNhWg==", "votes"=>[{"option"=>"1"}, {"option"=>"2"}, {"option"=>"3"}], "commit"=>"Save changes"}
Completed 500 Internal Server Error in 2ms (ActiveRecord: 0.0ms)


  
NoMethodError (undefined method `create' for <ActionController::Parameters {"option"=>"1"} permitted: false>:ActionController::Parameters):
  
app/controllers/votes_controller.rb:8:in `block in create'
app/controllers/votes_controller.rb:7:in `each'
app/controllers/votes_controller.rb:7:in `create'
Started POST "/votes" for 127.0.0.1 at 2018-09-28 21:36:38 -0400
Processing by VotesController#create as HTML
  Parameters: {"utf8"=>"✓", "authenticity_token"=>"4E1ZmtiIUAJQdxrLVTFXqgFKonRJQLVKyPQlgqcBdlXZmKYclqP/1hpYhtkT2LEjQHFm70OiAupoPANUyLNhWg==", "votes"=>[{"option"=>"1"}, {"option"=>"2"}, {"option"=>"3"}], "commit"=>"Save changes"}
Completed 500 Internal Server Error in 2ms (ActiveRecord: 0.0ms)


  
NoMethodError (undefined method `create' for <ActionController::Parameters {"option"=>"1"} permitted: false>:ActionController::Parameters):
  
app/controllers/votes_controller.rb:8:in `block in create'
app/controllers/votes_controller.rb:7:in `each'
app/controllers/votes_controller.rb:7:in `create'
Started GET "/ranktables/2" for 127.0.0.1 at 2018-09-28 21:36:42 -0400
Processing by RanktablesController#show as HTML
  Parameters: {"id"=>"2"}
  [1m[36mRanktable Load (0.1ms)[0m  [1m[34mSELECT  "ranktables".* FROM "ranktables" WHERE "ranktables"."id" = ? LIMIT ?[0m  [["id", 2], ["LIMIT", 1]]
  ↳ app/controllers/ranktables_controller.rb:9
  Rendering ranktables/show.html.erb within layouts/application
  Rendered ranktables/show.html.erb within layouts/application (1.9ms)
  Rendered layouts/_header.html.erb (0.3ms)
  Rendered layouts/_sidebar.html.erb (0.3ms)
  Rendered layouts/_footer.html.erb (0.2ms)
Completed 200 OK in 34ms (Views: 30.2ms | ActiveRecord: 0.1ms)


Started POST "/votes" for 127.0.0.1 at 2018-09-28 21:36:49 -0400
Processing by VotesController#create as HTML
  Parameters: {"utf8"=>"✓", "authenticity_token"=>"G2ak6W8BYBXJYHOVIz6x13c+xswvRatghZBblJ5sfAEis1tvISrPwYNP74dl11deNgUCVyWnHMAlWH1C8d5rDg==", "options"=>[{"num"=>"1"}, {"num"=>"2"}, {"num"=>"3"}], "commit"=>"Save changes"}
Completed 500 Internal Server Error in 1ms (ActiveRecord: 0.0ms)


  
NoMethodError (undefined method `each' for nil:NilClass):
  
app/controllers/votes_controller.rb:7:in `create'
